<?xml version="1.0" encoding="UTF-8"?>
<testsuite name="me.rn00n.oauth2.jwt.JwtApplicationTests" tests="1" skipped="0" failures="0" errors="0" timestamp="2021-02-02T13:55:53" hostname="LAPTOP-RN00N" time="0.112">
  <properties/>
  <testcase name="contextLoads()" classname="me.rn00n.oauth2.jwt.JwtApplicationTests" time="0.112"/>
  <system-out><![CDATA[2021-02-02 22:55:51.777  INFO 15388 --- [    Test worker] .b.t.c.SpringBootTestContextBootstrapper : Neither @ContextConfiguration nor @ContextHierarchy found for test class [me.rn00n.oauth2.jwt.JwtApplicationTests], using SpringBootContextLoader
2021-02-02 22:55:51.778  INFO 15388 --- [    Test worker] o.s.t.c.support.AbstractContextLoader    : Could not detect default resource locations for test class [me.rn00n.oauth2.jwt.JwtApplicationTests]: no resource found for suffixes {-context.xml, Context.groovy}.
2021-02-02 22:55:51.778  INFO 15388 --- [    Test worker] t.c.s.AnnotationConfigContextLoaderUtils : Could not detect default configuration classes for test class [me.rn00n.oauth2.jwt.JwtApplicationTests]: JwtApplicationTests does not declare any static, non-private, non-final, nested classes annotated with @Configuration.
2021-02-02 22:55:51.787  INFO 15388 --- [    Test worker] .b.t.c.SpringBootTestContextBootstrapper : Found @SpringBootConfiguration me.rn00n.oauth2.jwt.JwtApplication for test class me.rn00n.oauth2.jwt.JwtApplicationTests
2021-02-02 22:55:51.790  INFO 15388 --- [    Test worker] .b.t.c.SpringBootTestContextBootstrapper : Loaded default TestExecutionListener class names from location [META-INF/spring.factories]: [org.springframework.security.test.context.support.WithSecurityContextTestExecutionListener, org.springframework.security.test.context.support.ReactorContextTestExecutionListener, org.springframework.boot.test.autoconfigure.restdocs.RestDocsTestExecutionListener, org.springframework.boot.test.autoconfigure.web.client.MockRestServiceServerResetTestExecutionListener, org.springframework.boot.test.autoconfigure.web.servlet.MockMvcPrintOnlyOnFailureTestExecutionListener, org.springframework.boot.test.autoconfigure.web.servlet.WebDriverTestExecutionListener, org.springframework.boot.test.autoconfigure.webservices.client.MockWebServiceServerTestExecutionListener, org.springframework.boot.test.mock.mockito.MockitoTestExecutionListener, org.springframework.boot.test.mock.mockito.ResetMocksTestExecutionListener, org.springframework.test.context.web.ServletTestExecutionListener, org.springframework.test.context.support.DirtiesContextBeforeModesTestExecutionListener, org.springframework.test.context.event.ApplicationEventsTestExecutionListener, org.springframework.test.context.support.DependencyInjectionTestExecutionListener, org.springframework.test.context.support.DirtiesContextTestExecutionListener, org.springframework.test.context.transaction.TransactionalTestExecutionListener, org.springframework.test.context.jdbc.SqlScriptsTestExecutionListener, org.springframework.test.context.event.EventPublishingTestExecutionListener]
2021-02-02 22:55:51.791  INFO 15388 --- [    Test worker] .b.t.c.SpringBootTestContextBootstrapper : Using TestExecutionListeners: [org.springframework.test.context.web.ServletTestExecutionListener@301eaffc, org.springframework.test.context.support.DirtiesContextBeforeModesTestExecutionListener@747c9ac7, org.springframework.test.context.event.ApplicationEventsTestExecutionListener@a5627b7, org.springframework.boot.test.mock.mockito.MockitoTestExecutionListener@12b3e9f3, org.springframework.boot.test.autoconfigure.SpringBootDependencyInjectionTestExecutionListener@5797c516, org.springframework.test.context.support.DirtiesContextTestExecutionListener@472dc781, org.springframework.test.context.transaction.TransactionalTestExecutionListener@7c7d3b4c, org.springframework.test.context.jdbc.SqlScriptsTestExecutionListener@710cb941, org.springframework.security.test.context.support.WithSecurityContextTestExecutionListener@185a6d03, org.springframework.test.context.event.EventPublishingTestExecutionListener@3162b046, org.springframework.security.test.context.support.ReactorContextTestExecutionListener@24504a7d, org.springframework.boot.test.autoconfigure.restdocs.RestDocsTestExecutionListener@30022907, org.springframework.boot.test.autoconfigure.web.client.MockRestServiceServerResetTestExecutionListener@7bfb6871, org.springframework.boot.test.autoconfigure.web.servlet.MockMvcPrintOnlyOnFailureTestExecutionListener@5f3f17c8, org.springframework.boot.test.autoconfigure.web.servlet.WebDriverTestExecutionListener@791aadf0, org.springframework.boot.test.autoconfigure.webservices.client.MockWebServiceServerTestExecutionListener@5871e9c5, org.springframework.boot.test.mock.mockito.ResetMocksTestExecutionListener@78e9aa5a]

  .   ____          _            __ _ _
 /\\ / ___'_ __ _ _(_)_ __  __ _ \ \ \ \
( ( )\___ | '_ | '_| | '_ \/ _` | \ \ \ \
 \\/  ___)| |_)| | | | | || (_| |  ) ) ) )
  '  |____| .__|_| |_|_| |_\__, | / / / /
 =========|_|==============|___/=/_/_/_/
 :: Spring Boot ::                (v2.4.2)

2021-02-02 22:55:51.837  INFO 15388 --- [    Test worker] me.rn00n.oauth2.jwt.JwtApplicationTests  : Starting JwtApplicationTests using Java 11.0.9 on LAPTOP-rn00n with PID 15388 (started by rn00n in D:\Dev\workspace\Study\OAuth2)
2021-02-02 22:55:51.839  INFO 15388 --- [    Test worker] me.rn00n.oauth2.jwt.JwtApplicationTests  : No active profile set, falling back to default profiles: default
2021-02-02 22:55:52.147  INFO 15388 --- [    Test worker] .s.d.r.c.RepositoryConfigurationDelegate : Bootstrapping Spring Data JPA repositories in DEFAULT mode.
2021-02-02 22:55:52.174  INFO 15388 --- [    Test worker] .s.d.r.c.RepositoryConfigurationDelegate : Finished Spring Data repository scanning in 26 ms. Found 1 JPA repository interfaces.
2021-02-02 22:55:52.361  INFO 15388 --- [    Test worker] o.hibernate.jpa.internal.util.LogHelper  : HHH000204: Processing PersistenceUnitInfo [name: default]
2021-02-02 22:55:52.366  INFO 15388 --- [    Test worker] com.zaxxer.hikari.HikariDataSource       : HikariPool-2 - Starting...
2021-02-02 22:55:52.425  INFO 15388 --- [    Test worker] com.zaxxer.hikari.HikariDataSource       : HikariPool-2 - Start completed.
2021-02-02 22:55:52.428  INFO 15388 --- [    Test worker] org.hibernate.dialect.Dialect            : HHH000400: Using dialect: org.hibernate.dialect.MariaDB103Dialect
Hibernate: 
    
    alter table account_roles 
       drop 
       foreign key if exists FKtp61eta5i06bug3w1qr6286uf
Hibernate: 
    
    drop table if exists account
Hibernate: 
    
    drop table if exists account_roles
Hibernate: 
    
    drop sequence hibernate_sequence
Hibernate: create sequence hibernate_sequence start with 1 increment by 1
Hibernate: 
    
    create table account (
       id integer not null,
        email varchar(255),
        password varchar(255),
        primary key (id)
    ) engine=InnoDB
Hibernate: 
    
    create table account_roles (
       account_id integer not null,
        roles varchar(255)
    ) engine=InnoDB
Hibernate: 
    
    alter table account_roles 
       add constraint FKtp61eta5i06bug3w1qr6286uf 
       foreign key (account_id) 
       references account (id)
2021-02-02 22:55:52.563  INFO 15388 --- [    Test worker] o.h.e.t.j.p.i.JtaPlatformInitiator       : HHH000490: Using JtaPlatform implementation: [org.hibernate.engine.transaction.jta.platform.internal.NoJtaPlatform]
2021-02-02 22:55:52.564  INFO 15388 --- [    Test worker] j.LocalContainerEntityManagerFactoryBean : Initialized JPA EntityManagerFactory for persistence unit 'default'
2021-02-02 22:55:52.624  WARN 15388 --- [    Test worker] JpaBaseConfiguration$JpaWebConfiguration : spring.jpa.open-in-view is enabled by default. Therefore, database queries may be performed during view rendering. Explicitly configure spring.jpa.open-in-view to disable this warning
2021-02-02 22:55:53.017  INFO 15388 --- [    Test worker] o.s.s.web.DefaultSecurityFilterChain     : Will secure Mvc [pattern='/docs/index.html'] with []
2021-02-02 22:55:53.018  INFO 15388 --- [    Test worker] o.s.s.web.DefaultSecurityFilterChain     : Will secure org.springframework.boot.autoconfigure.security.servlet.StaticResourceRequest$StaticResourceRequestMatcher@7efabec1 with []
2021-02-02 22:55:53.147  INFO 15388 --- [    Test worker] o.s.s.web.DefaultSecurityFilterChain     : Will secure Or [Ant [pattern='/oauth/token'], Ant [pattern='/oauth/token_key'], Ant [pattern='/oauth/check_token']] with [org.springframework.security.web.context.request.async.WebAsyncManagerIntegrationFilter@536f9f91, org.springframework.security.web.context.SecurityContextPersistenceFilter@e07370d, org.springframework.security.web.header.HeaderWriterFilter@b6b49d5, org.springframework.security.web.authentication.logout.LogoutFilter@29cefa20, org.springframework.security.web.authentication.www.BasicAuthenticationFilter@c22eb6b, org.springframework.security.web.savedrequest.RequestCacheAwareFilter@6630348b, org.springframework.security.web.servletapi.SecurityContextHolderAwareRequestFilter@3744fc79, org.springframework.security.web.authentication.AnonymousAuthenticationFilter@d810296, org.springframework.security.web.session.SessionManagementFilter@6f28d073, org.springframework.security.web.access.ExceptionTranslationFilter@7473958b, org.springframework.security.web.access.intercept.FilterSecurityInterceptor@221129d]
2021-02-02 22:55:53.158  INFO 15388 --- [    Test worker] o.s.s.web.DefaultSecurityFilterChain     : Will secure org.springframework.security.oauth2.config.annotation.web.configuration.ResourceServerConfiguration$NotOAuthRequestMatcher@788fd4f1 with [org.springframework.security.web.context.request.async.WebAsyncManagerIntegrationFilter@4ef9728a, org.springframework.security.web.context.SecurityContextPersistenceFilter@3170c575, org.springframework.security.web.header.HeaderWriterFilter@816da10, org.springframework.security.web.authentication.logout.LogoutFilter@4fe76878, org.springframework.security.oauth2.provider.authentication.OAuth2AuthenticationProcessingFilter@793d6fb4, org.springframework.security.web.savedrequest.RequestCacheAwareFilter@7f0c56ff, org.springframework.security.web.servletapi.SecurityContextHolderAwareRequestFilter@41f4c554, org.springframework.security.web.authentication.AnonymousAuthenticationFilter@7e75bbf8, org.springframework.security.web.session.SessionManagementFilter@3fd0d2c1, org.springframework.security.web.access.ExceptionTranslationFilter@3bceaf93, org.springframework.security.web.access.intercept.FilterSecurityInterceptor@74672e08]
2021-02-02 22:55:53.184  INFO 15388 --- [    Test worker] o.s.s.web.DefaultSecurityFilterChain     : Will secure any request with [org.springframework.security.web.context.request.async.WebAsyncManagerIntegrationFilter@6e0b9618, org.springframework.security.web.context.SecurityContextPersistenceFilter@21d23bd6, org.springframework.security.web.header.HeaderWriterFilter@ad861ae, org.springframework.security.web.csrf.CsrfFilter@605d4034, org.springframework.security.web.authentication.logout.LogoutFilter@4bf3568e, org.springframework.security.web.authentication.UsernamePasswordAuthenticationFilter@7dcba66e, org.springframework.security.web.authentication.ui.DefaultLoginPageGeneratingFilter@308378ed, org.springframework.security.web.authentication.ui.DefaultLogoutPageGeneratingFilter@191fc1e2, org.springframework.security.web.authentication.www.BasicAuthenticationFilter@7b9d2519, org.springframework.security.web.savedrequest.RequestCacheAwareFilter@7687a011, org.springframework.security.web.servletapi.SecurityContextHolderAwareRequestFilter@3f1b7a7e, org.springframework.security.web.authentication.AnonymousAuthenticationFilter@39c7fc79, org.springframework.security.web.session.SessionManagementFilter@2b849272, org.springframework.security.web.access.ExceptionTranslationFilter@1f690d70, org.springframework.security.web.access.intercept.FilterSecurityInterceptor@2aabb912]
2021-02-02 22:55:53.276  INFO 15388 --- [    Test worker] o.s.s.concurrent.ThreadPoolTaskExecutor  : Initializing ExecutorService 'applicationTaskExecutor'
2021-02-02 22:55:53.412  INFO 15388 --- [    Test worker] me.rn00n.oauth2.jwt.JwtApplicationTests  : Started JwtApplicationTests in 1.618 seconds (JVM running for 8.377)
Hibernate: 
    select
        account0_.id as id1_0_,
        account0_.email as email2_0_,
        account0_.password as password3_0_ 
    from
        account account0_ 
    where
        account0_.email=?
Hibernate: 
    select
        nextval(hibernate_sequence)
Hibernate: 
    insert 
    into
        account
        (email, password, id) 
    values
        (?, ?, ?)
Hibernate: 
    insert 
    into
        account_roles
        (account_id, roles) 
    values
        (?, ?)
Hibernate: 
    insert 
    into
        account_roles
        (account_id, roles) 
    values
        (?, ?)
Hibernate: 
    select
        account0_.id as id1_0_,
        account0_.email as email2_0_,
        account0_.password as password3_0_ 
    from
        account account0_ 
    where
        account0_.email=?
Hibernate: 
    select
        nextval(hibernate_sequence)
Hibernate: 
    insert 
    into
        account
        (email, password, id) 
    values
        (?, ?, ?)
Hibernate: 
    insert 
    into
        account_roles
        (account_id, roles) 
    values
        (?, ?)
]]></system-out>
  <system-err><![CDATA[]]></system-err>
</testsuite>
